<?xml version="1.0" encoding="UTF-8"?>
<!-- Generated by org.testng.reporters.JUnitReportReporter -->
<testsuite hostname="DESKTOP-KKFHIAA" failures="0" tests="3" name="test.computer.BuyingCheapComputerTest" time="220.783" errors="0" timestamp="2022-10-07T12:28:01 ICT" skipped="0">
  <testcase classname="test.computer.BuyingCheapComputerTest" name="testCheapComputerBuying" time="30.705"/>
  <system-out/>
  <testcase classname="test.computer.BuyingCheapComputerTest" name="testCheapComputerBuying" time="25.509"/>
  <system-out/>
  <testcase classname="test.computer.BuyingCheapComputerTest" name="testCheapComputerBuying" time="164.569"/>
  <system-out/>
</testsuite> <!-- test.computer.BuyingCheapComputerTest -->
