<?xml version="1.0" encoding="UTF-8"?>
<!-- Generated by org.testng.reporters.JUnitReportReporter -->
<testsuite hostname="DESKTOP-KKFHIAA" failures="0" tests="3" name="test.computer.BuyingStandardComputerTest" time="228.354" errors="0" timestamp="2022-10-07T12:28:01 ICT" skipped="0">
  <testcase classname="test.computer.BuyingStandardComputerTest" name="testStandardComputerBuying" time="26.005"/>
  <system-out/>
  <testcase classname="test.computer.BuyingStandardComputerTest" name="testStandardComputerBuying" time="168.999"/>
  <system-out/>
  <testcase classname="test.computer.BuyingStandardComputerTest" name="testStandardComputerBuying" time="33.350"/>
  <system-out/>
</testsuite> <!-- test.computer.BuyingStandardComputerTest -->
